2020-10-07 15:12:03,503 - DEBUG - This is a debug log.
2020-10-07 15:12:03,503 - INFO - This is a info log.
2020-10-07 15:12:03,503 - WARNING - This is a warning log.
2020-10-07 15:12:03,503 - ERROR - This is a error log.
2020-10-07 15:12:03,503 - CRITICAL - This is a critical log.
2020-10-07 15:12:09,077 - DEBUG - This is a debug log.
2020-10-07 15:12:09,077 - INFO - This is a info log.
2020-10-07 15:12:09,079 - WARNING - This is a warning log.
2020-10-07 15:12:09,079 - ERROR - This is a error log.
2020-10-07 15:12:09,079 - CRITICAL - This is a critical log.
2020-10-07 15:12:39,843 - DEBUG - This is a debug log.
2020-10-07 15:12:39,843 - INFO - This is a info log.
2020-10-07 15:12:39,843 - WARNING - This is a warning log.
2020-10-07 15:12:39,844 - ERROR - This is a error log.
2020-10-07 15:12:39,844 - CRITICAL - This is a critical log.
2020-10-07 15:12:50,322 - DEBUG - This is a debug log.
2020-10-07 15:12:50,322 - INFO - This is a info log.
2020-10-07 15:12:50,325 - WARNING - This is a warning log.
2020-10-07 15:12:50,325 - ERROR - This is a error log.
2020-10-07 15:12:50,325 - CRITICAL - This is a critical log.
2020-10-07 15:12:59,218 - DEBUG - This is a debug log.
2020-10-07 15:12:59,219 - INFO - This is a info log.
2020-10-07 15:12:59,219 - WARNING - This is a warning log.
2020-10-07 15:12:59,219 - ERROR - This is a error log.
2020-10-07 15:12:59,219 - CRITICAL - This is a critical log.
